生成启动时间为 4/14/2014 9:18:22 PM。
     1>项目“D:\C++\WorkSpace\SunSystem\CNumericalCalculation\CNumericalCalculation.vcxproj”在节点 2 上(Build 个目标)。
     1>ClCompile:
         D:\Program Files (x86)\Microsoft Visual Studio 12.0\VC\bin\CL.exe /c /ZI /nologo /W3 /WX- /Od /Oy- /D WIN32 /D _DEBUG /D _CONSOLE /D _LIB /D _UNICODE /D UNICODE /Gm /EHsc /RTC1 /MDd /GS /fp:precise /Zc:wchar_t /Zc:forScope /Fo"Debug\\" /Fd"Debug\vc120.pdb" /Gd /TP /analyze- /errorReport:prompt Horner.cpp main.cpp
         main.cpp
     1>d:\c++\workspace\sunsystem\cnumericalcalculation\main.cpp(12): warning C4244: “参数”: 从“double”转换到“float”，可能丢失数据
         Horner.cpp
     1>d:\c++\workspace\sunsystem\cnumericalcalculation\horner.cpp(37): warning C4244: “参数”: 从“double”转换到“float”，可能丢失数据
     1>d:\c++\workspace\sunsystem\cnumericalcalculation\horner.cpp(53): warning C4244: “参数”: 从“double”转换到“float”，可能丢失数据
     1>d:\c++\workspace\sunsystem\cnumericalcalculation\horner.cpp(55): warning C4244: “参数”: 从“double”转换到“float”，可能丢失数据
         正在生成代码...
     1>d:\c++\workspace\sunsystem\cnumericalcalculation\horner.cpp(80): warning C4715: “Muller”: 不是所有的控件路径都返回值
       Link:
         D:\Program Files (x86)\Microsoft Visual Studio 12.0\VC\bin\link.exe /ERRORREPORT:PROMPT /OUT:"D:\C++\WorkSpace\SunSystem\Debug\CNumericalCalculation.exe" /INCREMENTAL /NOLOGO kernel32.lib user32.lib gdi32.lib winspool.lib comdlg32.lib advapi32.lib shell32.lib ole32.lib oleaut32.lib uuid.lib odbc32.lib odbccp32.lib /MANIFEST /MANIFESTUAC:"level='asInvoker' uiAccess='false'" /manifest:embed /DEBUG /PDB:"D:\C++\WorkSpace\SunSystem\Debug\CNumericalCalculation.pdb" /SUBSYSTEM:CONSOLE /TLBID:1 /DYNAMICBASE /NXCOMPAT /IMPLIB:"D:\C++\WorkSpace\SunSystem\Debug\CNumericalCalculation.lib" /MACHINE:X86 Debug\BinaryDivide.obj
         Debug\FixedIterator.obj
         Debug\Horner.obj
         Debug\Interpolation.obj
         Debug\main.obj
         Debug\NewTonIterator.obj
         Debug\Steffensen.obj
         CNumericalCalculation.vcxproj -> D:\C++\WorkSpace\SunSystem\Debug\CNumericalCalculation.exe
     1>已完成生成项目“D:\C++\WorkSpace\SunSystem\CNumericalCalculation\CNumericalCalculation.vcxproj”(Build 个目标)的操作。

生成成功。

已用时间 00:00:02.26
